<?xml version="1.0" encoding="UTF-8"?>
<testng-results ignored="0" total="4" passed="4" failed="0" skipped="0">
  <reporter-output>
  </reporter-output>
  <suite started-at="2026-04-12T18:12:56 IST" name="Default suite" finished-at="2026-04-12T18:13:29 IST" duration-ms="32780">
    <groups>
    </groups>
    <test started-at="2026-04-12T18:12:56 IST" name="Default test" finished-at="2026-04-12T18:13:29 IST" duration-ms="32780">
      <class name="com.qa.app.tests.LoginPageTest">
        <test-method is-config="true" signature="setup()[pri:0, instance:com.qa.app.tests.LoginPageTest@75d4a5c2]" started-at="2026-04-12T18:12:56 IST" name="setup" finished-at="2026-04-12T18:13:18 IST" duration-ms="22360" status="PASS">
          <reporter-output>
          </reporter-output>
        </test-method> <!-- setup -->
        <test-method signature="forgotPwdLinkExistTest()[pri:0, instance:com.qa.app.tests.LoginPageTest@75d4a5c2]" started-at="2026-04-12T18:13:19 IST" name="forgotPwdLinkExistTest" finished-at="2026-04-12T18:13:20 IST" duration-ms="1205" status="PASS">
          <reporter-output>
          </reporter-output>
        </test-method> <!-- forgotPwdLinkExistTest -->
        <test-method signature="loginPageTitleTest()[pri:0, instance:com.qa.app.tests.LoginPageTest@75d4a5c2]" started-at="2026-04-12T18:13:20 IST" name="loginPageTitleTest" finished-at="2026-04-12T18:13:20 IST" duration-ms="266" status="PASS">
          <reporter-output>
          </reporter-output>
        </test-method> <!-- loginPageTitleTest -->
        <test-method signature="loginPageURLTest()[pri:0, instance:com.qa.app.tests.LoginPageTest@75d4a5c2]" started-at="2026-04-12T18:13:20 IST" name="loginPageURLTest" finished-at="2026-04-12T18:13:20 IST" duration-ms="118" status="PASS">
          <reporter-output>
          </reporter-output>
        </test-method> <!-- loginPageURLTest -->
        <test-method signature="loginTest()[pri:0, instance:com.qa.app.tests.LoginPageTest@75d4a5c2]" started-at="2026-04-12T18:13:20 IST" name="loginTest" finished-at="2026-04-12T18:13:27 IST" duration-ms="6957" status="PASS">
          <reporter-output>
          </reporter-output>
        </test-method> <!-- loginTest -->
        <test-method is-config="true" signature="tearDown()[pri:0, instance:com.qa.app.tests.LoginPageTest@75d4a5c2]" started-at="2026-04-12T18:13:27 IST" name="tearDown" finished-at="2026-04-12T18:13:29 IST" duration-ms="1552" status="PASS">
          <reporter-output>
          </reporter-output>
        </test-method> <!-- tearDown -->
      </class> <!-- com.qa.app.tests.LoginPageTest -->
    </test> <!-- Default test -->
  </suite> <!-- Default suite -->
</testng-results>
