<?xml version="1.0" encoding="UTF-8"?>
<!-- Generated by org.testng.reporters.JUnitReportReporter -->
<testsuite hostname="Mangesh-PC" failures="0" tests="4" name="com.qa.app.tests.LoginPageTest" time="8.546" errors="0" timestamp="2026-04-12T18:13:30 IST" skipped="0">
  <testcase classname="com.qa.app.tests.LoginPageTest" name="loginTest" time="6.957"/>
  <testcase classname="com.qa.app.tests.LoginPageTest" name="forgotPwdLinkExistTest" time="1.205"/>
  <testcase classname="com.qa.app.tests.LoginPageTest" name="loginPageURLTest" time="0.118"/>
  <testcase classname="com.qa.app.tests.LoginPageTest" name="loginPageTitleTest" time="0.266"/>
</testsuite> <!-- com.qa.app.tests.LoginPageTest -->
