<?xml version="1.0" encoding="UTF-8"?>
<!-- Generated by org.testng.reporters.JUnitReportReporter -->
<testsuite hostname="Mangesh-PC" failures="0" tests="2" name="com.qa.app.tests.AccountsPageTest" time="0.155" errors="0" timestamp="2026-04-12T18:02:55 IST" skipped="0">
  <testcase classname="com.qa.app.tests.AccountsPageTest" name="accountsPageTitleTest" time="0.103"/>
  <testcase classname="com.qa.app.tests.AccountsPageTest" name="loginPageURLTest" time="0.052"/>
</testsuite> <!-- com.qa.app.tests.AccountsPageTest -->
